<?xml version="1.0" encoding="UTF-8"?>
<!-- Generated by org.testng.reporters.JUnitReportReporter -->
<testsuite hostname="DeshmukH" failures="0" tests="1" name="_1_RahulShettyClasses._21_ExtentReportsTestNG" time="16.284" errors="0" timestamp="2022-03-25T01:18:57 IST" skipped="0">
  <testcase classname="_1_RahulShettyClasses._21_ExtentReportsTestNG" name="setup" time="16.284"/>
  <system-out/>
</testsuite> <!-- _1_RahulShettyClasses._21_ExtentReportsTestNG -->
